TN:
SF:/home/awe/ginjs-statics/index.js
FNF:0
FNH:0
DA:1,2
DA:2,2
DA:4,2
LF:3
LH:3
BRF:0
BRH:0
end_of_record
TN:
SF:/home/awe/ginjs-statics/lib/functions.js
FN:15,(anonymous_0)
FN:16,(anonymous_1)
FNF:2
FNH:2
FNDA:2,(anonymous_0)
FNDA:1,(anonymous_1)
DA:3,2
DA:5,2
DA:7,2
DA:15,2
DA:16,2
DA:17,1
DA:18,0
DA:20,1
DA:21,1
DA:22,1
DA:23,1
LF:11
LH:10
BRDA:17,0,0,0
BRDA:17,0,1,1
BRDA:22,1,0,1
BRDA:22,1,1,0
BRF:4
BRH:2
end_of_record
TN:
SF:/home/awe/ginjs-statics/lib/tasks.js
FN:16,(anonymous_0)
FN:20,(anonymous_1)
FNF:2
FNH:2
FNDA:1,(anonymous_0)
FNDA:4,(anonymous_1)
DA:3,2
DA:4,2
DA:6,2
DA:8,2
DA:16,2
DA:17,1
DA:18,1
DA:19,1
DA:20,1
DA:21,4
DA:22,4
DA:23,2
LF:12
LH:12
BRDA:22,0,0,2
BRDA:22,0,1,2
BRF:2
BRH:2
end_of_record
